D:\Сергей\Универ\магистратура\Моделирование_код\LASERDYNAMICSMODELING\LASERDYNAMICS\DEBUG\MAINCLASS.OBJ
D:\СЕРГЕЙ\УНИВЕР\МАГИСТРАТУРА\МОДЕЛИРОВАНИЕ_КОД\LASERDYNAMICSMODELING\LASERDYNAMICS\DEBUG\VC110.PDB
D:\Сергей\Универ\магистратура\Моделирование_код\LASERDYNAMICSMODELING\DEBUG\LASERDYNAMICS.ILK
D:\Сергей\Универ\магистратура\Моделирование_код\LASERDYNAMICSMODELING\DEBUG\LASERDYNAMICS.EXE
D:\СЕРГЕЙ\УНИВЕР\МАГИСТРАТУРА\МОДЕЛИРОВАНИЕ_КОД\LASERDYNAMICSMODELING\DEBUG\LASERDYNAMICS.PDB
D:\Сергей\Универ\магистратура\Моделирование_код\LaserDynamicsModeling\LaserDynamics\Debug\MainClass.obj
D:\Сергей\Универ\магистратура\Моделирование_код\LaserDynamicsModeling\LaserDynamics\Debug\cl.command.1.tlog
D:\Сергей\Универ\магистратура\Моделирование_код\LaserDynamicsModeling\LaserDynamics\Debug\CL.read.1.tlog
D:\Сергей\Универ\магистратура\Моделирование_код\LaserDynamicsModeling\LaserDynamics\Debug\CL.write.1.tlog
D:\Сергей\Универ\магистратура\Моделирование_код\LaserDynamicsModeling\LaserDynamics\Debug\link-cvtres.read.1.tlog
D:\Сергей\Универ\магистратура\Моделирование_код\LaserDynamicsModeling\LaserDynamics\Debug\link-cvtres.write.1.tlog
D:\Сергей\Универ\магистратура\Моделирование_код\LaserDynamicsModeling\LaserDynamics\Debug\link-rc.read.1.tlog
D:\Сергей\Универ\магистратура\Моделирование_код\LaserDynamicsModeling\LaserDynamics\Debug\link-rc.write.1.tlog
D:\Сергей\Универ\магистратура\Моделирование_код\LaserDynamicsModeling\LaserDynamics\Debug\link.command.1.tlog
D:\Сергей\Универ\магистратура\Моделирование_код\LaserDynamicsModeling\LaserDynamics\Debug\link.read.1.tlog
D:\Сергей\Универ\магистратура\Моделирование_код\LaserDynamicsModeling\LaserDynamics\Debug\link.write.1.tlog
D:\Сергей\Универ\магистратура\Моделирование_код\LaserDynamicsModeling\LaserDynamics\Debug\vc110.idb
D:\Сергей\Универ\магистратура\Моделирование_код\LaserDynamicsModeling\LaserDynamics\Debug\vc110.pdb
D:\Сергей\Универ\магистратура\Моделирование_код\LaserDynamicsModeling\Debug\LaserDynamics.pdb
D:\Сергей\Универ\магистратура\Моделирование_код\LaserDynamicsModeling\Debug\LaserDynamics.exe
D:\Сергей\Универ\магистратура\Моделирование_код\LaserDynamicsModeling\Debug\LaserDynamics.ilk
