Построение начато 20.11.2016 18:55:14.
     1>Проект "E:\clearView\LaserDynamics\LaserDynamics\LaserDynamics.vcxproj" в узле 2 (целевые объекты Build).
     1>ClCompile:
         C:\Program Files (x86)\Microsoft Visual Studio 11.0\VC\bin\CL.exe /c /I"C:\Program Files (x86)\AMD APP SDK\3.0\include" /ZI /nologo /W3 /WX- /Od /Oy- /D WIN32 /D _DEBUG /D _CONSOLE /D _UNICODE /D UNICODE /Gm /EHsc /RTC1 /MDd /GS /fp:precise /Zc:wchar_t /Zc:forScope /Fo"Debug\\" /Fd"Debug\vc110.pdb" /Gd /TP /analyze- /errorReport:prompt MainClass.cpp
         MainClass.cpp
     1>e:\clearview\laserdynamics\laserdynamics\mainclass.cpp(16): warning C4305: инициализация: усечение из "double" к "const float"
     1>e:\clearview\laserdynamics\laserdynamics\mainclass.cpp(17): warning C4305: инициализация: усечение из "double" к "const float"
     1>e:\clearview\laserdynamics\laserdynamics\mainclass.cpp(18): warning C4244: инициализация: преобразование "const float" в "const int", возможна потеря данных
     1>e:\clearview\laserdynamics\laserdynamics\mainclass.cpp(19): warning C4244: инициализация: преобразование "const float" в "const int", возможна потеря данных
     1>e:\clearview\laserdynamics\laserdynamics\mainclass.cpp(118): warning C4996: 'clCreateCommandQueue': объявлен deprecate
                 c:\program files (x86)\amd app sdk\3.0\include\cl\cl.h(1359): см. объявление "clCreateCommandQueue"
       Link:
         C:\Program Files (x86)\Microsoft Visual Studio 11.0\VC\bin\link.exe /ERRORREPORT:PROMPT /OUT:"E:\clearView\LaserDynamics\Debug\LaserDynamics.exe" /INCREMENTAL /NOLOGO kernel32.lib user32.lib gdi32.lib winspool.lib comdlg32.lib advapi32.lib shell32.lib ole32.lib oleaut32.lib uuid.lib odbc32.lib odbccp32.lib /MANIFEST /MANIFESTUAC:"level='asInvoker' uiAccess='false'" /manifest:embed /DEBUG /PDB:"E:\clearView\LaserDynamics\Debug\LaserDynamics.pdb" /SUBSYSTEM:CONSOLE /TLBID:1 /DYNAMICBASE /NXCOMPAT /IMPLIB:"E:\clearView\LaserDynamics\Debug\LaserDynamics.lib" /MACHINE:X86 Debug\MainClass.obj
     1>MainClass.obj : error LNK2019: ссылка на неразрешенный внешний символ _clGetPlatformIDs@12 в функции _main
     1>MainClass.obj : error LNK2019: ссылка на неразрешенный внешний символ _clGetDeviceIDs@24 в функции _main
     1>MainClass.obj : error LNK2019: ссылка на неразрешенный внешний символ _clCreateContext@24 в функции _main
     1>MainClass.obj : error LNK2019: ссылка на неразрешенный внешний символ _clReleaseContext@4 в функции _main
     1>MainClass.obj : error LNK2019: ссылка на неразрешенный внешний символ _clReleaseCommandQueue@4 в функции _main
     1>MainClass.obj : error LNK2019: ссылка на неразрешенный внешний символ _clCreateBuffer@24 в функции _main
     1>MainClass.obj : error LNK2019: ссылка на неразрешенный внешний символ _clReleaseMemObject@4 в функции _main
     1>MainClass.obj : error LNK2019: ссылка на неразрешенный внешний символ _clCreateProgramWithSource@20 в функции _main
     1>MainClass.obj : error LNK2019: ссылка на неразрешенный внешний символ _clReleaseProgram@4 в функции _main
     1>MainClass.obj : error LNK2019: ссылка на неразрешенный внешний символ _clBuildProgram@24 в функции _main
     1>MainClass.obj : error LNK2019: ссылка на неразрешенный внешний символ _clGetProgramBuildInfo@24 в функции _main
     1>MainClass.obj : error LNK2019: ссылка на неразрешенный внешний символ _clCreateKernel@12 в функции _main
     1>MainClass.obj : error LNK2019: ссылка на неразрешенный внешний символ _clReleaseKernel@4 в функции _main
     1>MainClass.obj : error LNK2019: ссылка на неразрешенный внешний символ _clSetKernelArg@16 в функции _main
     1>MainClass.obj : error LNK2019: ссылка на неразрешенный внешний символ _clEnqueueReadBuffer@36 в функции _main
     1>MainClass.obj : error LNK2019: ссылка на неразрешенный внешний символ _clEnqueueNDRangeKernel@36 в функции _main
     1>MainClass.obj : error LNK2019: ссылка на неразрешенный внешний символ _clCreateCommandQueue@20 в функции _main
     1>E:\clearView\LaserDynamics\Debug\LaserDynamics.exe : fatal error LNK1120: неразрешенных внешних элементов: 17
     1>Построение проекта "E:\clearView\LaserDynamics\LaserDynamics\LaserDynamics.vcxproj" завершено (целевые объекты Build) с ошибкой.

Сбой построения.

Затраченное время: 00:00:02.80
